<?xml version="1.0" encoding="UTF-8"?>
<!-- Generated by org.testng.reporters.JUnitXMLReporter -->
<testsuite ignored="6" hostname="Sireena-PC" failures="0" tests="4" name="Default test" time="19.457" errors="0" timestamp="2024-11-10T19:15:44 EET">
  <testcase classname="MyTestcase" name="ChangeTheLanguageOfTheWebSiteRandomly" time="0.961"/>
  <testcase classname="MyTestcase" name="HotelSelection" time="0.494"/>
  <testcase classname="MyTestcase" name="SelectNumberOfPeople" time="2.752"/>
  <testcase classname="MyTestcase" name="CheckThePageIsFullyLoded" time="12.373"/>
  <testcase classname="MyTestcase" name="CheckTheLanage" time="0.0">
    <ignored/>
  </testcase> <!-- CheckTheLanage -->
  <testcase classname="MyTestcase" name="CheckHotelTabIsNotSelected" time="0.0">
    <ignored/>
  </testcase> <!-- CheckHotelTabIsNotSelected -->
  <testcase classname="MyTestcase" name="CheckDepatureAndReturnDate" time="0.0">
    <ignored/>
  </testcase> <!-- CheckDepatureAndReturnDate -->
  <testcase classname="MyTestcase" name="CheckQitafLogoIfDisdlayed" time="0.0">
    <ignored/>
  </testcase> <!-- CheckQitafLogoIfDisdlayed -->
  <testcase classname="MyTestcase" name="TestTheContactNumbers" time="0.0">
    <ignored/>
  </testcase> <!-- TestTheContactNumbers -->
  <testcase classname="MyTestcase" name="TestTheCurrencyIsSAR" time="0.0">
    <ignored/>
  </testcase> <!-- TestTheCurrencyIsSAR -->
</testsuite> <!-- Default test -->
