<?xml version="1.0" encoding="UTF-8"?>
<testng-results ignored="6" total="10" passed="4" failed="0" skipped="0">
  <reporter-output>
  </reporter-output>
  <suite started-at="2024-11-10T19:15:25 EET" name="Default suite" finished-at="2024-11-10T19:15:44 EET" duration-ms="19457">
    <groups>
    </groups>
    <test started-at="2024-11-10T19:15:25 EET" name="Default test" finished-at="2024-11-10T19:15:44 EET" duration-ms="19457">
      <class name="MyTestcase">
        <test-method is-config="true" signature="mySetup()[pri:0, instance:MyTestcase@5aac4250]" started-at="2024-11-10T19:15:25 EET" name="mySetup" finished-at="2024-11-10T19:15:28 EET" duration-ms="2831" status="PASS">
          <reporter-output>
          </reporter-output>
        </test-method> <!-- mySetup -->
        <test-method signature="ChangeTheLanguageOfTheWebSiteRandomly()[pri:1, instance:MyTestcase@5aac4250]" started-at="2024-11-10T19:15:28 EET" name="ChangeTheLanguageOfTheWebSiteRandomly" finished-at="2024-11-10T19:15:29 EET" duration-ms="961" status="PASS">
          <reporter-output>
          </reporter-output>
        </test-method> <!-- ChangeTheLanguageOfTheWebSiteRandomly -->
        <test-method signature="HotelSelection()[pri:2, instance:MyTestcase@5aac4250]" started-at="2024-11-10T19:15:29 EET" name="HotelSelection" finished-at="2024-11-10T19:15:29 EET" duration-ms="494" status="PASS">
          <reporter-output>
          </reporter-output>
        </test-method> <!-- HotelSelection -->
        <test-method signature="SelectNumberOfPeople()[pri:3, instance:MyTestcase@5aac4250]" started-at="2024-11-10T19:15:29 EET" name="SelectNumberOfPeople" finished-at="2024-11-10T19:15:32 EET" duration-ms="2752" status="PASS">
          <reporter-output>
          </reporter-output>
        </test-method> <!-- SelectNumberOfPeople -->
        <test-method signature="CheckThePageIsFullyLoded()[pri:4, instance:MyTestcase@5aac4250]" started-at="2024-11-10T19:15:32 EET" name="CheckThePageIsFullyLoded" finished-at="2024-11-10T19:15:44 EET" duration-ms="12373" status="PASS">
          <reporter-output>
          </reporter-output>
        </test-method> <!-- CheckThePageIsFullyLoded -->
      </class> <!-- MyTestcase -->
    </test> <!-- Default test -->
  </suite> <!-- Default suite -->
</testng-results>
