<?xml version="1.0" encoding="UTF-8"?>
<!-- Generated by org.testng.reporters.JUnitReportReporter -->
<testsuite hostname="Sireena-PC" failures="0" tests="10" name="MyTestcase" time="16.580" errors="0" timestamp="2024-11-10T19:15:44 EET" skipped="6">
  <testcase classname="MyTestcase" name="ChangeTheLanguageOfTheWebSiteRandomly" time="0.961"/>
  <system-out/>
  <testcase classname="MyTestcase" name="HotelSelection" time="0.494"/>
  <system-out/>
  <testcase classname="MyTestcase" name="SelectNumberOfPeople" time="2.752"/>
  <system-out/>
  <testcase classname="MyTestcase" name="CheckThePageIsFullyLoded" time="12.373"/>
  <system-out/>
  <testcase classname="MyTestcase" name="CheckTheLanage">
    <skipped/>
  </testcase> <!-- CheckTheLanage -->
  <system-out/>
  <testcase classname="MyTestcase" name="CheckHotelTabIsNotSelected">
    <skipped/>
  </testcase> <!-- CheckHotelTabIsNotSelected -->
  <system-out/>
  <testcase classname="MyTestcase" name="CheckDepatureAndReturnDate">
    <skipped/>
  </testcase> <!-- CheckDepatureAndReturnDate -->
  <system-out/>
  <testcase classname="MyTestcase" name="CheckQitafLogoIfDisdlayed">
    <skipped/>
  </testcase> <!-- CheckQitafLogoIfDisdlayed -->
  <system-out/>
  <testcase classname="MyTestcase" name="TestTheContactNumbers">
    <skipped/>
  </testcase> <!-- TestTheContactNumbers -->
  <system-out/>
  <testcase classname="MyTestcase" name="TestTheCurrencyIsSAR">
    <skipped/>
  </testcase> <!-- TestTheCurrencyIsSAR -->
  <system-out/>
</testsuite> <!-- MyTestcase -->
